0 info it worked if it ends with ok
1 verbose cli [ '/usr/local/bin/node',
1 verbose cli   '/usr/local/bin/npm',
1 verbose cli   'run',
1 verbose cli   'precommit' ]
2 info using npm@3.10.3
3 info using node@v6.3.0
4 verbose run-script [ 'precommit' ]
5 info lifecycle midi-synth@0.0.2~precommit: midi-synth@0.0.2
6 verbose lifecycle midi-synth@0.0.2~precommit: unsafe-perm in lifecycle true
7 verbose lifecycle midi-synth@0.0.2~precommit: PATH: /usr/local/lib/node_modules/npm/bin/node-gyp-bin:/Users/rioscampo/dev/www/midi-synth/node_modules/.bin:/usr/local/bin:/Applications/Xcode.app/Contents/Developer/usr/libexec/git-core:/Library/Java/JavaVirtualMachines/jdk1.8.0_101.jdk/Contents/Home/bin:/Users/rioscampo/dev/gradle-2.7/bin:/Users/rioscampo/.node/bin:/Users/rioscampo/bin:/Users/rioscampo/dev/apache-maven-3.3.9/bin:/Users/rioscampo/dev/apache-ant-1.9.4/bin:/Users/rioscampo/dev/android_sdk/platform-tools:/Users/rioscampo/dev/android_sdk/tools:/usr/local/bin:/usr/bin:/bin:/usr/sbin:/sbin:/usr/local/bin:/usr/local
8 verbose lifecycle midi-synth@0.0.2~precommit: CWD: /Users/rioscampo/dev/www/midi-synth
9 silly lifecycle midi-synth@0.0.2~precommit: Args: [ '-c', 'yarn run lint' ]
10 silly lifecycle midi-synth@0.0.2~precommit: Returned: code: 1  signal: null
11 info lifecycle midi-synth@0.0.2~precommit: Failed to exec precommit script
12 verbose stack Error: midi-synth@0.0.2 precommit: `yarn run lint`
12 verbose stack Exit status 1
12 verbose stack     at EventEmitter.<anonymous> (/usr/local/lib/node_modules/npm/lib/utils/lifecycle.js:242:16)
12 verbose stack     at emitTwo (events.js:106:13)
12 verbose stack     at EventEmitter.emit (events.js:191:7)
12 verbose stack     at ChildProcess.<anonymous> (/usr/local/lib/node_modules/npm/lib/utils/spawn.js:40:14)
12 verbose stack     at emitTwo (events.js:106:13)
12 verbose stack     at ChildProcess.emit (events.js:191:7)
12 verbose stack     at maybeClose (internal/child_process.js:852:16)
12 verbose stack     at Process.ChildProcess._handle.onexit (internal/child_process.js:215:5)
13 verbose pkgid midi-synth@0.0.2
14 verbose cwd /Users/rioscampo/dev/www/midi-synth
15 error Darwin 16.4.0
16 error argv "/usr/local/bin/node" "/usr/local/bin/npm" "run" "precommit"
17 error node v6.3.0
18 error npm  v3.10.3
19 error code ELIFECYCLE
20 error midi-synth@0.0.2 precommit: `yarn run lint`
20 error Exit status 1
21 error Failed at the midi-synth@0.0.2 precommit script 'yarn run lint'.
21 error Make sure you have the latest version of node.js and npm installed.
21 error If you do, this is most likely a problem with the midi-synth package,
21 error not with npm itself.
21 error Tell the author that this fails on your system:
21 error     yarn run lint
21 error You can get information on how to open an issue for this project with:
21 error     npm bugs midi-synth
21 error Or if that isn't available, you can get their info via:
21 error     npm owner ls midi-synth
21 error There is likely additional logging output above.
22 verbose exit [ 1, true ]
